Determining if the pthread_create exist failed with the following output:
Change Dir: /workspace/sFuzz/build/CMakeFiles/CMakeTmp

Run Build Command:"/usr/bin/make" "cmTC_a8d04/fast"
/usr/bin/make -f CMakeFiles/cmTC_a8d04.dir/build.make CMakeFiles/cmTC_a8d04.dir/build
make[1]: Entering directory '/workspace/sFuzz/build/CMakeFiles/CMakeTmp'
Building C object CMakeFiles/cmTC_a8d04.dir/CheckSymbolExists.c.o
/usr/bin/cc   -fPIE   -o CMakeFiles/cmTC_a8d04.dir/CheckSymbolExists.c.o   -c /workspace/sFuzz/build/CMakeFiles/CMakeTmp/CheckSymbolExists.c
Linking C executable cmTC_a8d04
/usr/bin/cmake -E cmake_link_script CMakeFiles/cmTC_a8d04.dir/link.txt --verbose=1
/usr/bin/cc     -fuse-ld=gold  CMakeFiles/cmTC_a8d04.dir/CheckSymbolExists.c.o  -o cmTC_a8d04 
CMakeFiles/cmTC_a8d04.dir/CheckSymbolExists.c.o:CheckSymbolExists.c:function main: error: undefined reference to 'pthread_create'
CMakeFiles/cmTC_a8d04.dir/CheckSymbolExists.c.o:CheckSymbolExists.c:function main: error: undefined reference to 'pthread_create'
collect2: error: ld returned 1 exit status
CMakeFiles/cmTC_a8d04.dir/build.make:97: recipe for target 'cmTC_a8d04' failed
make[1]: *** [cmTC_a8d04] Error 1
make[1]: Leaving directory '/workspace/sFuzz/build/CMakeFiles/CMakeTmp'
Makefile:126: recipe for target 'cmTC_a8d04/fast' failed
make: *** [cmTC_a8d04/fast] Error 2

File /workspace/sFuzz/build/CMakeFiles/CMakeTmp/CheckSymbolExists.c:
/* */
#include <pthread.h>

int main(int argc, char** argv)
{
  (void)argv;
#ifndef pthread_create
  return ((int*)(&pthread_create))[argc];
#else
  (void)argc;
  return 0;
#endif
}

Determining if the function pthread_create exists in the pthreads failed with the following output:
Change Dir: /workspace/sFuzz/build/CMakeFiles/CMakeTmp

Run Build Command:"/usr/bin/make" "cmTC_8820f/fast"
/usr/bin/make -f CMakeFiles/cmTC_8820f.dir/build.make CMakeFiles/cmTC_8820f.dir/build
make[1]: Entering directory '/workspace/sFuzz/build/CMakeFiles/CMakeTmp'
Building C object CMakeFiles/cmTC_8820f.dir/CheckFunctionExists.c.o
/usr/bin/cc   -DCHECK_FUNCTION_EXISTS=pthread_create -fPIE   -o CMakeFiles/cmTC_8820f.dir/CheckFunctionExists.c.o   -c /usr/share/cmake-3.10/Modules/CheckFunctionExists.c
Linking C executable cmTC_8820f
/usr/bin/cmake -E cmake_link_script CMakeFiles/cmTC_8820f.dir/link.txt --verbose=1
/usr/bin/cc  -DCHECK_FUNCTION_EXISTS=pthread_create   -fuse-ld=gold  CMakeFiles/cmTC_8820f.dir/CheckFunctionExists.c.o  -o cmTC_8820f -lpthreads 
/usr/bin/ld.gold: error: cannot find -lpthreads
CMakeFiles/cmTC_8820f.dir/CheckFunctionExists.c.o:CheckFunctionExists.c:function main: error: undefined reference to 'pthread_create'
collect2: error: ld returned 1 exit status
CMakeFiles/cmTC_8820f.dir/build.make:97: recipe for target 'cmTC_8820f' failed
make[1]: *** [cmTC_8820f] Error 1
make[1]: Leaving directory '/workspace/sFuzz/build/CMakeFiles/CMakeTmp'
Makefile:126: recipe for target 'cmTC_8820f/fast' failed
make: *** [cmTC_8820f/fast] Error 2


